2025-10-26 18:10:10,099 - __main__ - INFO - Starting command-line processing for ligand selection
2025-10-26 18:10:10,099 - __main__ - INFO - Reading library SMILES file from pipeline_output/ligand_selection/input/Enamine_Discovery_Diversity_Set_50_plated_50240cmpds_20251019.smiles
2025-10-26 18:10:10,236 - __main__ - INFO - Reading reference ligand from pipeline_output/ligand_selection/input/1h1q_ligand_2A6_2.sdf
2025-10-26 18:10:10,237 - __main__ - INFO - Computing pharmacophore similarities...
2025-10-26 18:10:10,237 - __main__ - INFO - Starting pharmacophore similarity computation...
2025-10-26 18:10:10,246 - __main__ - INFO - Processed 0 ligands for pharmacophore similarity
2025-10-26 18:10:18,971 - __main__ - INFO - Processed 1000 ligands for pharmacophore similarity
2025-10-26 18:10:27,600 - __main__ - INFO - Processed 2000 ligands for pharmacophore similarity
2025-10-26 18:10:36,122 - __main__ - INFO - Processed 3000 ligands for pharmacophore similarity
2025-10-26 18:10:44,873 - __main__ - INFO - Processed 4000 ligands for pharmacophore similarity
2025-10-26 18:10:53,736 - __main__ - INFO - Processed 5000 ligands for pharmacophore similarity
2025-10-26 18:11:02,418 - __main__ - INFO - Processed 6000 ligands for pharmacophore similarity
2025-10-26 18:11:11,209 - __main__ - INFO - Processed 7000 ligands for pharmacophore similarity
2025-10-26 18:11:20,174 - __main__ - INFO - Processed 8000 ligands for pharmacophore similarity
2025-10-26 18:11:28,697 - __main__ - INFO - Processed 9000 ligands for pharmacophore similarity
2025-10-26 18:11:37,502 - __main__ - INFO - Processed 10000 ligands for pharmacophore similarity
2025-10-26 18:11:46,170 - __main__ - INFO - Processed 11000 ligands for pharmacophore similarity
2025-10-26 18:11:55,112 - __main__ - INFO - Processed 12000 ligands for pharmacophore similarity
2025-10-26 18:12:03,786 - __main__ - INFO - Processed 13000 ligands for pharmacophore similarity
2025-10-26 18:12:12,621 - __main__ - INFO - Processed 14000 ligands for pharmacophore similarity
2025-10-26 18:12:21,531 - __main__ - INFO - Processed 15000 ligands for pharmacophore similarity
2025-10-26 18:12:30,360 - __main__ - INFO - Processed 16000 ligands for pharmacophore similarity
2025-10-26 18:12:39,204 - __main__ - INFO - Processed 17000 ligands for pharmacophore similarity
2025-10-26 18:12:47,975 - __main__ - INFO - Processed 18000 ligands for pharmacophore similarity
2025-10-26 18:12:56,470 - __main__ - INFO - Processed 19000 ligands for pharmacophore similarity
2025-10-26 18:13:05,303 - __main__ - INFO - Processed 20000 ligands for pharmacophore similarity
2025-10-26 18:13:14,158 - __main__ - INFO - Processed 21000 ligands for pharmacophore similarity
2025-10-26 18:13:22,643 - __main__ - INFO - Processed 22000 ligands for pharmacophore similarity
2025-10-26 18:13:31,521 - __main__ - INFO - Processed 23000 ligands for pharmacophore similarity
2025-10-26 18:13:40,303 - __main__ - INFO - Processed 24000 ligands for pharmacophore similarity
2025-10-26 18:13:48,859 - __main__ - INFO - Processed 25000 ligands for pharmacophore similarity
2025-10-26 18:13:57,646 - __main__ - INFO - Processed 26000 ligands for pharmacophore similarity
2025-10-26 18:14:06,434 - __main__ - INFO - Processed 27000 ligands for pharmacophore similarity
2025-10-26 18:14:15,050 - __main__ - INFO - Processed 28000 ligands for pharmacophore similarity
2025-10-26 18:14:23,561 - __main__ - INFO - Processed 29000 ligands for pharmacophore similarity
2025-10-26 18:14:32,401 - __main__ - INFO - Processed 30000 ligands for pharmacophore similarity
2025-10-26 18:14:41,402 - __main__ - INFO - Processed 31000 ligands for pharmacophore similarity
2025-10-26 18:14:49,890 - __main__ - INFO - Processed 32000 ligands for pharmacophore similarity
2025-10-26 18:14:58,723 - __main__ - INFO - Processed 33000 ligands for pharmacophore similarity
2025-10-26 18:15:07,339 - __main__ - INFO - Processed 34000 ligands for pharmacophore similarity
2025-10-26 18:15:15,815 - __main__ - INFO - Processed 35000 ligands for pharmacophore similarity
2025-10-26 18:15:24,594 - __main__ - INFO - Processed 36000 ligands for pharmacophore similarity
2025-10-26 18:15:33,161 - __main__ - INFO - Processed 37000 ligands for pharmacophore similarity
2025-10-26 18:15:41,622 - __main__ - INFO - Processed 38000 ligands for pharmacophore similarity
2025-10-26 18:15:50,193 - __main__ - INFO - Processed 39000 ligands for pharmacophore similarity
2025-10-26 18:15:58,820 - __main__ - INFO - Processed 40000 ligands for pharmacophore similarity
2025-10-26 18:16:07,411 - __main__ - INFO - Processed 41000 ligands for pharmacophore similarity
2025-10-26 18:16:15,994 - __main__ - INFO - Processed 42000 ligands for pharmacophore similarity
2025-10-26 18:16:24,603 - __main__ - INFO - Processed 43000 ligands for pharmacophore similarity
2025-10-26 18:16:33,270 - __main__ - INFO - Processed 44000 ligands for pharmacophore similarity
2025-10-26 18:16:41,968 - __main__ - INFO - Processed 45000 ligands for pharmacophore similarity
2025-10-26 18:16:50,627 - __main__ - INFO - Processed 46000 ligands for pharmacophore similarity
2025-10-26 18:16:59,309 - __main__ - INFO - Processed 47000 ligands for pharmacophore similarity
2025-10-26 18:17:07,636 - __main__ - INFO - Processed 48000 ligands for pharmacophore similarity
2025-10-26 18:17:16,168 - __main__ - INFO - Processed 49000 ligands for pharmacophore similarity
2025-10-26 18:17:25,053 - __main__ - INFO - Processed 50000 ligands for pharmacophore similarity
2025-10-26 18:17:27,110 - __main__ - INFO - Done computing pharmacophore similarities.
2025-10-26 18:17:27,110 - __main__ - INFO - Computing fingerprint similarities...
2025-10-26 18:17:27,110 - __main__ - INFO - Starting fingerprint similarity computation...
2025-10-26 18:17:27,111 - __main__ - INFO - Processed 0 ligands for fingerprint similarity
2025-10-26 18:17:28,813 - __main__ - INFO - Processed 1000 ligands for fingerprint similarity
2025-10-26 18:17:30,496 - __main__ - INFO - Processed 2000 ligands for fingerprint similarity
2025-10-26 18:17:32,179 - __main__ - INFO - Processed 3000 ligands for fingerprint similarity
2025-10-26 18:17:33,856 - __main__ - INFO - Processed 4000 ligands for fingerprint similarity
2025-10-26 18:17:35,539 - __main__ - INFO - Processed 5000 ligands for fingerprint similarity
2025-10-26 18:17:37,214 - __main__ - INFO - Processed 6000 ligands for fingerprint similarity
2025-10-26 18:17:38,897 - __main__ - INFO - Processed 7000 ligands for fingerprint similarity
2025-10-26 18:17:40,577 - __main__ - INFO - Processed 8000 ligands for fingerprint similarity
2025-10-26 18:17:42,255 - __main__ - INFO - Processed 9000 ligands for fingerprint similarity
2025-10-26 18:17:43,937 - __main__ - INFO - Processed 10000 ligands for fingerprint similarity
2025-10-26 18:17:45,615 - __main__ - INFO - Processed 11000 ligands for fingerprint similarity
2025-10-26 18:17:47,296 - __main__ - INFO - Processed 12000 ligands for fingerprint similarity
2025-10-26 18:17:48,968 - __main__ - INFO - Processed 13000 ligands for fingerprint similarity
2025-10-26 18:17:50,651 - __main__ - INFO - Processed 14000 ligands for fingerprint similarity
2025-10-26 18:17:52,330 - __main__ - INFO - Processed 15000 ligands for fingerprint similarity
2025-10-26 18:17:54,013 - __main__ - INFO - Processed 16000 ligands for fingerprint similarity
2025-10-26 18:17:55,703 - __main__ - INFO - Processed 17000 ligands for fingerprint similarity
2025-10-26 18:17:57,384 - __main__ - INFO - Processed 18000 ligands for fingerprint similarity
2025-10-26 18:17:59,045 - __main__ - INFO - Processed 19000 ligands for fingerprint similarity
2025-10-26 18:18:00,718 - __main__ - INFO - Processed 20000 ligands for fingerprint similarity
2025-10-26 18:18:02,392 - __main__ - INFO - Processed 21000 ligands for fingerprint similarity
2025-10-26 18:18:04,055 - __main__ - INFO - Processed 22000 ligands for fingerprint similarity
2025-10-26 18:18:05,733 - __main__ - INFO - Processed 23000 ligands for fingerprint similarity
2025-10-26 18:18:07,418 - __main__ - INFO - Processed 24000 ligands for fingerprint similarity
2025-10-26 18:18:09,085 - __main__ - INFO - Processed 25000 ligands for fingerprint similarity
2025-10-26 18:18:10,765 - __main__ - INFO - Processed 26000 ligands for fingerprint similarity
2025-10-26 18:18:12,430 - __main__ - INFO - Processed 27000 ligands for fingerprint similarity
2025-10-26 18:18:14,093 - __main__ - INFO - Processed 28000 ligands for fingerprint similarity
2025-10-26 18:18:15,758 - __main__ - INFO - Processed 29000 ligands for fingerprint similarity
2025-10-26 18:18:17,439 - __main__ - INFO - Processed 30000 ligands for fingerprint similarity
2025-10-26 18:18:19,208 - __main__ - INFO - Processed 31000 ligands for fingerprint similarity
2025-10-26 18:18:20,868 - __main__ - INFO - Processed 32000 ligands for fingerprint similarity
2025-10-26 18:18:22,551 - __main__ - INFO - Processed 33000 ligands for fingerprint similarity
2025-10-26 18:18:24,225 - __main__ - INFO - Processed 34000 ligands for fingerprint similarity
2025-10-26 18:18:25,884 - __main__ - INFO - Processed 35000 ligands for fingerprint similarity
2025-10-26 18:18:27,573 - __main__ - INFO - Processed 36000 ligands for fingerprint similarity
2025-10-26 18:18:29,244 - __main__ - INFO - Processed 37000 ligands for fingerprint similarity
2025-10-26 18:18:30,913 - __main__ - INFO - Processed 38000 ligands for fingerprint similarity
2025-10-26 18:18:32,589 - __main__ - INFO - Processed 39000 ligands for fingerprint similarity
2025-10-26 18:18:34,269 - __main__ - INFO - Processed 40000 ligands for fingerprint similarity
2025-10-26 18:18:35,943 - __main__ - INFO - Processed 41000 ligands for fingerprint similarity
2025-10-26 18:18:37,617 - __main__ - INFO - Processed 42000 ligands for fingerprint similarity
2025-10-26 18:18:39,302 - __main__ - INFO - Processed 43000 ligands for fingerprint similarity
2025-10-26 18:18:40,975 - __main__ - INFO - Processed 44000 ligands for fingerprint similarity
2025-10-26 18:18:42,651 - __main__ - INFO - Processed 45000 ligands for fingerprint similarity
2025-10-26 18:18:44,335 - __main__ - INFO - Processed 46000 ligands for fingerprint similarity
2025-10-26 18:18:46,007 - __main__ - INFO - Processed 47000 ligands for fingerprint similarity
2025-10-26 18:18:47,670 - __main__ - INFO - Processed 48000 ligands for fingerprint similarity
2025-10-26 18:18:49,357 - __main__ - INFO - Processed 49000 ligands for fingerprint similarity
2025-10-26 18:18:51,051 - __main__ - INFO - Processed 50000 ligands for fingerprint similarity
2025-10-26 18:18:51,457 - __main__ - INFO - Done computing fingerprint similarities.
2025-10-26 18:18:51,457 - __main__ - INFO - Computing Lipinski similarities...
2025-10-26 18:18:51,458 - __main__ - INFO - Starting Lipinski similarity computation...
2025-10-26 18:18:51,458 - __main__ - INFO - Processed 0 ligands for Lipinski similarity
2025-10-26 18:18:52,136 - __main__ - INFO - Processed 1000 ligands for Lipinski similarity
2025-10-26 18:18:52,812 - __main__ - INFO - Processed 2000 ligands for Lipinski similarity
2025-10-26 18:18:53,484 - __main__ - INFO - Processed 3000 ligands for Lipinski similarity
2025-10-26 18:18:54,164 - __main__ - INFO - Processed 4000 ligands for Lipinski similarity
2025-10-26 18:18:54,840 - __main__ - INFO - Processed 5000 ligands for Lipinski similarity
2025-10-26 18:18:55,513 - __main__ - INFO - Processed 6000 ligands for Lipinski similarity
2025-10-26 18:18:56,188 - __main__ - INFO - Processed 7000 ligands for Lipinski similarity
2025-10-26 18:18:56,868 - __main__ - INFO - Processed 8000 ligands for Lipinski similarity
2025-10-26 18:18:57,539 - __main__ - INFO - Processed 9000 ligands for Lipinski similarity
2025-10-26 18:18:58,219 - __main__ - INFO - Processed 10000 ligands for Lipinski similarity
2025-10-26 18:18:58,893 - __main__ - INFO - Processed 11000 ligands for Lipinski similarity
2025-10-26 18:18:59,570 - __main__ - INFO - Processed 12000 ligands for Lipinski similarity
2025-10-26 18:19:00,245 - __main__ - INFO - Processed 13000 ligands for Lipinski similarity
2025-10-26 18:19:00,922 - __main__ - INFO - Processed 14000 ligands for Lipinski similarity
2025-10-26 18:19:01,599 - __main__ - INFO - Processed 15000 ligands for Lipinski similarity
2025-10-26 18:19:02,277 - __main__ - INFO - Processed 16000 ligands for Lipinski similarity
2025-10-26 18:19:02,955 - __main__ - INFO - Processed 17000 ligands for Lipinski similarity
2025-10-26 18:19:03,633 - __main__ - INFO - Processed 18000 ligands for Lipinski similarity
2025-10-26 18:19:04,304 - __main__ - INFO - Processed 19000 ligands for Lipinski similarity
2025-10-26 18:19:04,981 - __main__ - INFO - Processed 20000 ligands for Lipinski similarity
2025-10-26 18:19:05,658 - __main__ - INFO - Processed 21000 ligands for Lipinski similarity
2025-10-26 18:19:06,328 - __main__ - INFO - Processed 22000 ligands for Lipinski similarity
2025-10-26 18:19:07,006 - __main__ - INFO - Processed 23000 ligands for Lipinski similarity
2025-10-26 18:19:07,684 - __main__ - INFO - Processed 24000 ligands for Lipinski similarity
2025-10-26 18:19:08,356 - __main__ - INFO - Processed 25000 ligands for Lipinski similarity
2025-10-26 18:19:09,030 - __main__ - INFO - Processed 26000 ligands for Lipinski similarity
2025-10-26 18:19:09,701 - __main__ - INFO - Processed 27000 ligands for Lipinski similarity
2025-10-26 18:19:10,372 - __main__ - INFO - Processed 28000 ligands for Lipinski similarity
2025-10-26 18:19:11,043 - __main__ - INFO - Processed 29000 ligands for Lipinski similarity
2025-10-26 18:19:11,719 - __main__ - INFO - Processed 30000 ligands for Lipinski similarity
2025-10-26 18:19:12,396 - __main__ - INFO - Processed 31000 ligands for Lipinski similarity
2025-10-26 18:19:13,062 - __main__ - INFO - Processed 32000 ligands for Lipinski similarity
2025-10-26 18:19:13,739 - __main__ - INFO - Processed 33000 ligands for Lipinski similarity
2025-10-26 18:19:14,410 - __main__ - INFO - Processed 34000 ligands for Lipinski similarity
2025-10-26 18:19:15,080 - __main__ - INFO - Processed 35000 ligands for Lipinski similarity
2025-10-26 18:19:15,759 - __main__ - INFO - Processed 36000 ligands for Lipinski similarity
2025-10-26 18:19:16,429 - __main__ - INFO - Processed 37000 ligands for Lipinski similarity
2025-10-26 18:19:17,102 - __main__ - INFO - Processed 38000 ligands for Lipinski similarity
2025-10-26 18:19:17,775 - __main__ - INFO - Processed 39000 ligands for Lipinski similarity
2025-10-26 18:19:18,446 - __main__ - INFO - Processed 40000 ligands for Lipinski similarity
2025-10-26 18:19:19,117 - __main__ - INFO - Processed 41000 ligands for Lipinski similarity
2025-10-26 18:19:19,789 - __main__ - INFO - Processed 42000 ligands for Lipinski similarity
2025-10-26 18:19:20,466 - __main__ - INFO - Processed 43000 ligands for Lipinski similarity
2025-10-26 18:19:21,138 - __main__ - INFO - Processed 44000 ligands for Lipinski similarity
2025-10-26 18:19:21,811 - __main__ - INFO - Processed 45000 ligands for Lipinski similarity
2025-10-26 18:19:22,488 - __main__ - INFO - Processed 46000 ligands for Lipinski similarity
2025-10-26 18:19:23,161 - __main__ - INFO - Processed 47000 ligands for Lipinski similarity
2025-10-26 18:19:23,825 - __main__ - INFO - Processed 48000 ligands for Lipinski similarity
2025-10-26 18:19:24,501 - __main__ - INFO - Processed 49000 ligands for Lipinski similarity
2025-10-26 18:19:25,180 - __main__ - INFO - Processed 50000 ligands for Lipinski similarity
2025-10-26 18:19:25,342 - __main__ - INFO - Done computing Lipinski similarities.
2025-10-26 18:19:25,707 - __main__ - INFO - Results saved to pipeline_output/ligand_selection/similarity_scores.csv
2025-10-26 18:19:27,049 - __main__ - INFO - Plot saved to pipeline_output/ligand_selection/similarity_distributions.png
2025-10-26 18:19:27,049 - __main__ - INFO - Selecting diverse ligand set...
2025-10-26 18:19:27,049 - __main__ - INFO - Selecting diverse ligand set: n=100, m=20
2025-10-26 18:19:27,151 - __main__ - INFO - Selected 101 ligands: 21 similar, 80 dissimilar
2025-10-26 18:19:27,159 - __main__ - INFO - Selected ligands saved to pipeline_output/ligand_selection/selected_ligands.csv
2025-10-26 18:19:28,379 - __main__ - INFO - Selected ligands plot saved to pipeline_output/ligand_selection/selected_similarity_distributions.png
