2025-10-26 20:46:16,953 - INFO - Starting conformer generation with N=5
2025-10-26 20:46:16,982 - INFO - Loaded 101 SMILES from pipeline_output/docking/input/selected_ligands.csv
2025-10-26 20:46:16,985 - INFO - Processing molecule 1/101: c1ccc(Nc2nc(OCC3CCCCC3)c3[nH]cnc3n2)cc1
2025-10-26 20:46:17,329 - INFO - Generated 5 conformers for SMILES: c1ccc(Nc2nc(OCC3CCCCC3)c3[nH]cnc3n2)cc1
2025-10-26 20:46:17,335 - INFO - Processing molecule 2/101: O=C(C=1C=CC2=C(C1)NC(=O)N2C3CCCC3)N4CCC(C4)OC=5C=CC=C(F)C5
2025-10-26 20:46:17,793 - INFO - Generated 5 conformers for SMILES: O=C(C=1C=CC2=C(C1)NC(=O)N2C3CCCC3)N4CCC(C4)OC=5C=CC=C(F)C5
2025-10-26 20:46:17,800 - INFO - Processing molecule 3/101: CC1=CC(=NN1C=2C=CC(F)=CC2F)NC(=O)NC3CCN(CC3)C(C)C=4C=CC=CC4
2025-10-26 20:46:18,535 - INFO - Generated 5 conformers for SMILES: CC1=CC(=NN1C=2C=CC(F)=CC2F)NC(=O)NC3CCN(CC3)C(C)C=4C=CC=CC4
2025-10-26 20:46:18,541 - INFO - Processing molecule 4/101: O=C(C=1C=CC(=CC1)N2C=NC=3C=CC=CC32)N4CCCC(O)(CO)C4
2025-10-26 20:46:18,882 - INFO - Generated 5 conformers for SMILES: O=C(C=1C=CC(=CC1)N2C=NC=3C=CC=CC32)N4CCCC(O)(CO)C4
2025-10-26 20:46:18,888 - INFO - Processing molecule 5/101: C1=CC=C(C=C1)OC=2C=CN=C(N2)NC3CCC4OCCC4C3
2025-10-26 20:46:19,221 - INFO - Generated 5 conformers for SMILES: C1=CC=C(C=C1)OC=2C=CN=C(N2)NC3CCC4OCCC4C3
2025-10-26 20:46:19,227 - INFO - Processing molecule 6/101: O=C(NC=1C=CC=C(C1)CCO)C2=CNC=3N=CN=C(O)C23
2025-10-26 20:46:19,401 - INFO - Generated 5 conformers for SMILES: O=C(NC=1C=CC=C(C1)CCO)C2=CNC=3N=CN=C(O)C23
2025-10-26 20:46:19,406 - INFO - Processing molecule 7/101: O=C1CC(NC=2N=CC=C(N2)OC=3C=CC=CC3)C4CCCCN14
2025-10-26 20:46:19,729 - INFO - Generated 5 conformers for SMILES: O=C1CC(NC=2N=CC=C(N2)OC=3C=CC=CC3)C4CCCCN14
2025-10-26 20:46:19,736 - INFO - Processing molecule 8/101: O=C(NCC1CCOCC1)C=2C=NC(=NC2C(F)(F)F)NC=3C=CC=CC3
2025-10-26 20:46:20,042 - INFO - Generated 5 conformers for SMILES: O=C(NCC1CCOCC1)C=2C=NC(=NC2C(F)(F)F)NC=3C=CC=CC3
2025-10-26 20:46:20,048 - INFO - Processing molecule 9/101: O=C(NC1CC2CNCC2C1)C=3C=CC(=CC3)OCC4CCCCC4
2025-10-26 20:46:20,642 - INFO - Generated 5 conformers for SMILES: O=C(NC1CC2CNCC2C1)C=3C=CC(=CC3)OCC4CCCCC4
2025-10-26 20:46:20,648 - INFO - Processing molecule 10/101: C=1C=CC(=CC1)C2=NOC(=N2)C3CCN(CC4CCCCNC4)CC3
2025-10-26 20:46:21,118 - INFO - Generated 5 conformers for SMILES: C=1C=CC(=CC1)C2=NOC(=N2)C3CCN(CC4CCCCNC4)CC3
2025-10-26 20:46:21,124 - INFO - Processing molecule 11/101: CC=1C=CC=C(C1)OC=2C=CC(=NC2)C(=O)NC=3C=CC=C(C3)C4CCC(=O)N4
2025-10-26 20:46:21,585 - INFO - Generated 5 conformers for SMILES: CC=1C=CC=C(C1)OC=2C=CC(=NC2)C(=O)NC=3C=CC=C(C3)C4CCC(=O)N4
2025-10-26 20:46:21,590 - INFO - Processing molecule 12/101: O=C(NC=1C=CC(=CC1)OC(F)F)C=2C=CC(=CC2)NC=3N=CC=CN3
2025-10-26 20:46:21,889 - INFO - Generated 5 conformers for SMILES: O=C(NC=1C=CC(=CC1)OC(F)F)C=2C=CC(=CC2)NC=3N=CC=CN3
2025-10-26 20:46:21,895 - INFO - Processing molecule 13/101: COC=1C=CC=2N=C(NC(=O)N3CCCC(C3)NC=4C=CC=CC4)SC2N1
2025-10-26 20:46:22,363 - INFO - Generated 5 conformers for SMILES: COC=1C=CC=2N=C(NC(=O)N3CCCC(C3)NC=4C=CC=CC4)SC2N1
2025-10-26 20:46:22,369 - INFO - Processing molecule 14/101: O=C(NC=1C=CC=C(C1)OC(F)F)C=2C=CC(=CC2)NC=3N=CC=CN3
2025-10-26 20:46:22,664 - INFO - Generated 5 conformers for SMILES: O=C(NC=1C=CC=C(C1)OC(F)F)C=2C=CC(=CC2)NC=3N=CC=CN3
2025-10-26 20:46:22,669 - INFO - Processing molecule 15/101: CC=1C=C(F)C=2N=C(O)C=C(C(=O)N3CCC(C3)NC=4C=CC=CC4)C2C1
2025-10-26 20:46:23,029 - INFO - Generated 5 conformers for SMILES: CC=1C=C(F)C=2N=C(O)C=C(C(=O)N3CCC(C3)NC=4C=CC=CC4)C2C1
2025-10-26 20:46:23,035 - INFO - Processing molecule 16/101: COC=1C=CC=C(C1)CCC(=O)NC=2C=CC(=CC2)NC=3N=CC=CN3
2025-10-26 20:46:23,402 - INFO - Generated 5 conformers for SMILES: COC=1C=CC=C(C1)CCC(=O)NC=2C=CC(=CC2)NC=3N=CC=CN3
2025-10-26 20:46:23,407 - INFO - Processing molecule 17/101: O=C(NC=1C=CC=C(C1)OCCF)C=2C=CC(=CC2)NC=3N=CC=CN3
2025-10-26 20:46:23,746 - INFO - Generated 5 conformers for SMILES: O=C(NC=1C=CC=C(C1)OCCF)C=2C=CC(=CC2)NC=3N=CC=CN3
2025-10-26 20:46:23,751 - INFO - Processing molecule 18/101: O=C(NC=1C=CC=C(C1)OC(F)F)C=2C=CC=C(C2)NC=3N=CC=CN3
2025-10-26 20:46:24,033 - INFO - Generated 5 conformers for SMILES: O=C(NC=1C=CC=C(C1)OC(F)F)C=2C=CC=C(C2)NC=3N=CC=CN3
2025-10-26 20:46:24,040 - INFO - Processing molecule 19/101: O=C(NC1=NN=C2C=CC=CN12)C=3C=CC=C(C3)NC=4C=CC=CC4
2025-10-26 20:46:24,298 - INFO - Generated 5 conformers for SMILES: O=C(NC1=NN=C2C=CC=CN12)C=3C=CC=C(C3)NC=4C=CC=CC4
2025-10-26 20:46:24,302 - INFO - Processing molecule 20/101: O=C(NC=1C=CC=C(C1)C2CCC(=O)N2)C=3C=CC(=CN3)OC=4C=CC=CC4
2025-10-26 20:46:24,682 - INFO - Generated 5 conformers for SMILES: O=C(NC=1C=CC=C(C1)C2CCC(=O)N2)C=3C=CC(=CN3)OC=4C=CC=CC4
2025-10-26 20:46:24,687 - INFO - Processing molecule 21/101: O=C(NC1=NC=2C=CC=CC2N1C3CCCC3)C4=COC(=N4)C5CCOCC5
2025-10-26 20:46:25,254 - INFO - Generated 5 conformers for SMILES: O=C(NC1=NC=2C=CC=CC2N1C3CCCC3)C4=COC(=N4)C5CCOCC5
2025-10-26 20:46:25,259 - INFO - Processing molecule 22/101: C[C@@H](NCC1=NC=2SC=3CCCC3C2C(=O)N1)C4=CC(Br)=CS4
2025-10-26 20:46:25,501 - INFO - Generated 5 conformers for SMILES: C[C@@H](NCC1=NC=2SC=3CCCC3C2C(=O)N1)C4=CC(Br)=CS4
2025-10-26 20:46:25,506 - INFO - Processing molecule 23/101: O=C1NC2(CCC=3C=CC=CC32)C(=O)N1CC=4N=CC(Cl)=CC4Cl
2025-10-26 20:46:25,676 - INFO - Generated 5 conformers for SMILES: O=C1NC2(CCC=3C=CC=CC32)C(=O)N1CC=4N=CC(Cl)=CC4Cl
2025-10-26 20:46:25,683 - INFO - Processing molecule 24/101: CC(NC(=O)C=1C=CC(=CC1)OC=2C=CC(Cl)=CC2)C3CCNC3
2025-10-26 20:46:26,047 - INFO - Generated 5 conformers for SMILES: CC(NC(=O)C=1C=CC(=CC1)OC=2C=CC(Cl)=CC2)C3CCNC3
2025-10-26 20:46:26,054 - INFO - Processing molecule 25/101: CC1=NC(=C(C)C(=N1)N2C=CC=N2)N3CCCN(CC3)C=4C=CN=CC4
2025-10-26 20:46:26,505 - INFO - Generated 5 conformers for SMILES: CC1=NC(=C(C)C(=N1)N2C=CC=N2)N3CCCN(CC3)C=4C=CN=CC4
2025-10-26 20:46:26,510 - INFO - Processing molecule 26/101: NC=1C=CC(=CN1)C(=O)NC=2C=CC(Cl)=CC2OCC(F)(F)F
2025-10-26 20:46:26,674 - INFO - Generated 5 conformers for SMILES: NC=1C=CC(=CN1)C(=O)NC=2C=CC(Cl)=CC2OCC(F)(F)F
2025-10-26 20:46:26,678 - INFO - Processing molecule 27/101: CC1=NC=C(O1)C=2C=CC(=CC2)NS(=O)(=O)C=3C=C(C)C=CC3C
2025-10-26 20:46:26,954 - INFO - Generated 5 conformers for SMILES: CC1=NC=C(O1)C=2C=CC(=CC2)NS(=O)(=O)C=3C=C(C)C=CC3C
2025-10-26 20:46:26,960 - INFO - Processing molecule 28/101: CCOC(=O)C1=CC(=CN1C)S(=O)(=O)NC=2C=CC(F)=CC2CS(C)(=O)=O
2025-10-26 20:46:27,337 - INFO - Generated 5 conformers for SMILES: CCOC(=O)C1=CC(=CN1C)S(=O)(=O)NC=2C=CC(F)=CC2CS(C)(=O)=O
2025-10-26 20:46:27,342 - INFO - Processing molecule 29/101: CC1=CNC=2N=CC(=CC12)C(=O)N[C@H]3[C@@H]4CN(C[C@H]34)C(=O)C=5C=CC=6N=C(N)N(C)C6C5
2025-10-26 20:46:27,848 - INFO - Generated 5 conformers for SMILES: CC1=CNC=2N=CC(=CC12)C(=O)N[C@H]3[C@@H]4CN(C[C@H]34)C(=O)C=5C=CC=6N=C(N)N(C)C6C5
2025-10-26 20:46:27,854 - INFO - Processing molecule 30/101: CC=1C=CC=C(C1)CC(CO)NC(=O)C2=CNN=C2C=3C=CC=C(Cl)C3
2025-10-26 20:46:28,152 - INFO - Generated 5 conformers for SMILES: CC=1C=CC=C(C1)CC(CO)NC(=O)C2=CNN=C2C=3C=CC=C(Cl)C3
2025-10-26 20:46:28,157 - INFO - Processing molecule 31/101: COC(=O)C=1C=CC(=CC1C)CN2C=C(CN3C=CC=N3)N=N2
2025-10-26 20:46:28,396 - INFO - Generated 5 conformers for SMILES: COC(=O)C=1C=CC(=CC1C)CN2C=C(CN3C=CC=N3)N=N2
2025-10-26 20:46:28,401 - INFO - Processing molecule 32/101: CCC1CC=2C=CC=CC2CN1C(=O)C3CCC4=NN=CN4CC3
2025-10-26 20:46:28,818 - INFO - Generated 5 conformers for SMILES: CCC1CC=2C=CC=CC2CN1C(=O)C3CCC4=NN=CN4CC3
2025-10-26 20:46:28,823 - INFO - Processing molecule 33/101: O=C(NC=1C=CC(=NC1)N2C=CC=N2)C3CC3C4CCCC4
2025-10-26 20:46:29,144 - INFO - Generated 5 conformers for SMILES: O=C(NC=1C=CC(=NC1)N2C=CC=N2)C3CC3C4CCCC4
2025-10-26 20:46:29,149 - INFO - Processing molecule 34/101: CC1CCCCN1CCC2CCN(CC2)C=3N=CN=C4NN=CC34
2025-10-26 20:46:29,566 - INFO - Generated 5 conformers for SMILES: CC1CCCCN1CCC2CCN(CC2)C=3N=CN=C4NN=CC34
2025-10-26 20:46:29,571 - INFO - Processing molecule 35/101: CC(C)(O)CONC(=O)C=1C=C(N=C2ON=C(C=3C=CC=CC3)C12)C4CC4
2025-10-26 20:46:29,941 - INFO - Generated 5 conformers for SMILES: CC(C)(O)CONC(=O)C=1C=C(N=C2ON=C(C=3C=CC=CC3)C12)C4CC4
2025-10-26 20:46:29,946 - INFO - Processing molecule 36/101: COC=1C=CC(=CC1)C2=NC(=CO2)CCNC(=O)C3=CN=CC(F)=C3
2025-10-26 20:46:30,214 - INFO - Generated 5 conformers for SMILES: COC=1C=CC(=CC1)C2=NC(=CO2)CCNC(=O)C3=CN=CC(F)=C3
2025-10-26 20:46:30,219 - INFO - Processing molecule 37/101: O=C(C1=CNN=C1C2=CC=C(Cl)S2)N3CCN(CC4CC4)CC3
2025-10-26 20:46:30,483 - INFO - Generated 5 conformers for SMILES: O=C(C1=CNN=C1C2=CC=C(Cl)S2)N3CCN(CC4CC4)CC3
2025-10-26 20:46:30,488 - INFO - Processing molecule 38/101: COC=1C=CN=C(N1)N(C)C(=O)C=2C=CC(=CC2)OC=3C=CC(=CN3)C(F)(F)F
2025-10-26 20:46:30,757 - INFO - Generated 5 conformers for SMILES: COC=1C=CN=C(N1)N(C)C(=O)C=2C=CC(=CC2)OC=3C=CC(=CN3)C(F)(F)F
2025-10-26 20:46:30,763 - INFO - Processing molecule 39/101: CN1C(=O)C2=CC=CC3=C(C=CC1=C23)S(=O)(=O)N4CC=5C=CC=CC5C=6C=CC=CC6C4
2025-10-26 20:46:31,237 - INFO - Generated 5 conformers for SMILES: CN1C(=O)C2=CC=CC3=C(C=CC1=C23)S(=O)(=O)N4CC=5C=CC=CC5C=6C=CC=CC6C4
2025-10-26 20:46:31,243 - INFO - Processing molecule 40/101: CN(C)C=1C=CC=C2SC(=CC12)C(=O)NC3(CCNC3)C=4C=CC=CC4
2025-10-26 20:46:31,646 - INFO - Generated 5 conformers for SMILES: CN(C)C=1C=CC=C2SC(=CC12)C(=O)NC3(CCNC3)C=4C=CC=CC4
2025-10-26 20:46:31,652 - INFO - Processing molecule 41/101: O=S1(=O)CCCN1C=2C=CC=C(C2)CNC=3N=CN=C4N=CNC34
2025-10-26 20:46:31,919 - INFO - Generated 5 conformers for SMILES: O=S1(=O)CCCN1C=2C=CC=C(C2)CNC=3N=CN=C4N=CNC34
2025-10-26 20:46:31,925 - INFO - Processing molecule 42/101: CN1N=CC(C(=O)N2CCC(CC2)OC=3C=CC(Cl)=CC3)=C1C(F)F
2025-10-26 20:46:32,228 - INFO - Generated 5 conformers for SMILES: CN1N=CC(C(=O)N2CCC(CC2)OC=3C=CC(Cl)=CC3)=C1C(F)F
2025-10-26 20:46:32,234 - INFO - Processing molecule 43/101: COC1(CCOC1)C2=NN=C3CN(CCN23)C(=O)OC(C)(C)C
2025-10-26 20:46:32,602 - INFO - Generated 5 conformers for SMILES: COC1(CCOC1)C2=NN=C3CN(CCN23)C(=O)OC(C)(C)C
2025-10-26 20:46:32,608 - INFO - Processing molecule 44/101: CCC1=NOC(=N1)C=2C=CC(C)=C(C2)NCC=3C=CC(=CC3)C(=O)N4CCCC4
2025-10-26 20:46:33,067 - INFO - Generated 5 conformers for SMILES: CCC1=NOC(=N1)C=2C=CC(C)=C(C2)NCC=3C=CC(=CC3)C(=O)N4CCCC4
2025-10-26 20:46:33,073 - INFO - Processing molecule 45/101: COC(=O)C1CC2=CC=CC=C2CN1C(=O)C3CC43CCOCC4
2025-10-26 20:46:33,468 - INFO - Generated 5 conformers for SMILES: COC(=O)C1CC2=CC=CC=C2CN1C(=O)C3CC43CCOCC4
2025-10-26 20:46:33,473 - INFO - Processing molecule 46/101: CN(C)CCC=1C=CC(=CC1)CNC(=O)CC=2C=CC=3SC=CC3C2
2025-10-26 20:46:33,843 - INFO - Generated 5 conformers for SMILES: CN(C)CCC=1C=CC(=CC1)CNC(=O)CC=2C=CC=3SC=CC3C2
2025-10-26 20:46:33,848 - INFO - Processing molecule 47/101: O=C(C=1C=CC=2C=C(NC2C1)C=3C=CC=CC3)N4CC(C4)NC5CCOCC5
2025-10-26 20:46:34,290 - INFO - Generated 5 conformers for SMILES: O=C(C=1C=CC=2C=C(NC2C1)C=3C=CC=CC3)N4CC(C4)NC5CCOCC5
2025-10-26 20:46:34,296 - INFO - Processing molecule 48/101: CN1C(=O)N(C)C=2C=C(C(Br)=CC21)S(=O)(=O)NC=3C=CC=4CCNC4C3
2025-10-26 20:46:34,584 - INFO - Generated 5 conformers for SMILES: CN1C(=O)N(C)C=2C=C(C(Br)=CC21)S(=O)(=O)NC=3C=CC=4CCNC4C3
2025-10-26 20:46:34,589 - INFO - Processing molecule 49/101: CC(C)C1=NN=C2C=CC(=CN12)NC(=O)N3CCCC=4C=CC=CC4CC3
2025-10-26 20:46:35,083 - INFO - Generated 5 conformers for SMILES: CC(C)C1=NN=C2C=CC(=CN12)NC(=O)N3CCCC=4C=CC=CC4CC3
2025-10-26 20:46:35,088 - INFO - Processing molecule 50/101: O=C(CSC=1C=CC=C(Br)C1)N2CCC3=C(C2)N=CN3C=4C=CC(F)=CC4
2025-10-26 20:46:35,353 - INFO - Generated 5 conformers for SMILES: O=C(CSC=1C=CC=C(Br)C1)N2CCC3=C(C2)N=CN3C=4C=CC(F)=CC4
2025-10-26 20:46:35,359 - INFO - Processing molecule 51/101: CC=1N=C(C=2C=NN(C=3C=CC=CC3)C2N1)N4CC[C@H](CO)C4
2025-10-26 20:46:35,659 - INFO - Generated 5 conformers for SMILES: CC=1N=C(C=2C=NN(C=3C=CC=CC3)C2N1)N4CC[C@H](CO)C4
2025-10-26 20:46:35,665 - INFO - Processing molecule 52/101: O=C(NC1CC[C@@H]2CC[C@H]12)C3=CNN=C3C=4C=CC=C(F)C4 |&1:6,9,r|
2025-10-26 20:46:35,880 - INFO - Generated 5 conformers for SMILES: O=C(NC1CC[C@@H]2CC[C@H]12)C3=CNN=C3C=4C=CC=C(F)C4 |&1:6,9,r|
2025-10-26 20:46:35,885 - INFO - Processing molecule 53/101: CC1(CN2C=C(N=N2)C(=O)N[C@@H]3C[C@H]3C=4C=CC=C(F)C4)COC1
2025-10-26 20:46:36,212 - INFO - Generated 5 conformers for SMILES: CC1(CN2C=C(N=N2)C(=O)N[C@@H]3C[C@H]3C=4C=CC=C(F)C4)COC1
2025-10-26 20:46:36,217 - INFO - Processing molecule 54/101: N#CC=1C=C(N=CN1)N(CC[C@H]2C[C@H](F)C2)CC3=CC=NS3
2025-10-26 20:46:36,425 - INFO - Generated 5 conformers for SMILES: N#CC=1C=C(N=CN1)N(CC[C@H]2C[C@H](F)C2)CC3=CC=NS3
2025-10-26 20:46:36,431 - INFO - Processing molecule 55/101: CSC=1C=C(C)C=CC1C(=O)NC=2NN=NC2C(=O)N3CCCC3
2025-10-26 20:46:36,690 - INFO - Generated 5 conformers for SMILES: CSC=1C=C(C)C=CC1C(=O)NC=2NN=NC2C(=O)N3CCCC3
2025-10-26 20:46:36,695 - INFO - Processing molecule 56/101: O=C(N[C@@H]1CCC(=O)N[C@H]1C=2C=CC=CC2)C=3C=CC=NC3F |&1:3,9,r|
2025-10-26 20:46:36,960 - INFO - Generated 5 conformers for SMILES: O=C(N[C@@H]1CCC(=O)N[C@H]1C=2C=CC=CC2)C=3C=CC=NC3F |&1:3,9,r|
2025-10-26 20:46:36,966 - INFO - Processing molecule 57/101: O=C(NCC1NCCC1C2CC2)C=3C=CC(=CC3Cl)N4CCCS4(=O)=O
2025-10-26 20:46:37,425 - INFO - Generated 5 conformers for SMILES: O=C(NCC1NCCC1C2CC2)C=3C=CC(=CC3Cl)N4CCCS4(=O)=O
2025-10-26 20:46:37,432 - INFO - Processing molecule 58/101: OCCC1CN(CC23CC(C2)(CO3)C=4N=NNN4)C=5C=CC=CC51
2025-10-26 20:46:37,863 - INFO - Generated 5 conformers for SMILES: OCCC1CN(CC23CC(C2)(CO3)C=4N=NNN4)C=5C=CC=CC51
2025-10-26 20:46:37,868 - INFO - Processing molecule 59/101: O=C(C=1C=CC=2SC=NC2C1)N3CCC4(CCC(O)CC4)CC3
2025-10-26 20:46:38,132 - INFO - Generated 5 conformers for SMILES: O=C(C=1C=CC=2SC=NC2C1)N3CCC4(CCC(O)CC4)CC3
2025-10-26 20:46:38,138 - INFO - Processing molecule 60/101: COC=1N=C(C)C=C(N1)N2CCN(CC2)C(=O)C3CCCCC3
2025-10-26 20:46:38,565 - INFO - Generated 5 conformers for SMILES: COC=1N=C(C)C=C(N1)N2CCN(CC2)C(=O)C3CCCCC3
2025-10-26 20:46:38,571 - INFO - Processing molecule 61/101: CC1CCC2(CCN(C2)C(=O)C3=CC=C(O3)C=4N=NNN4)CC1
2025-10-26 20:46:38,851 - INFO - Generated 5 conformers for SMILES: CC1CCC2(CCN(C2)C(=O)C3=CC=C(O3)C=4N=NNN4)CC1
2025-10-26 20:46:38,856 - INFO - Processing molecule 62/101: O=C(NC=1C=CC=C(C1)C=2NN=C3CCOCC23)C4=CN=CC(O)=C4
2025-10-26 20:46:39,128 - INFO - Generated 5 conformers for SMILES: O=C(NC=1C=CC=C(C1)C=2NN=C3CCOCC23)C4=CN=CC(O)=C4
2025-10-26 20:46:39,134 - INFO - Processing molecule 63/101: CN1CCC(C)(CNC(=O)NC=2C=CC(=CC2)C3=NC=CO3)C1
2025-10-26 20:46:39,475 - INFO - Generated 5 conformers for SMILES: CN1CCC(C)(CNC(=O)NC=2C=CC(=CC2)C3=NC=CO3)C1
2025-10-26 20:46:39,481 - INFO - Processing molecule 64/101: COC1=CC(=CC(=C1)S(=O)(=O)NC=2C=C(C=CC2OC)S(=O)(=O)NC(C)(C)C)OC
2025-10-26 20:46:40,073 - INFO - Generated 5 conformers for SMILES: COC1=CC(=CC(=C1)S(=O)(=O)NC=2C=C(C=CC2OC)S(=O)(=O)NC(C)(C)C)OC
2025-10-26 20:46:40,078 - INFO - Processing molecule 65/101: O=C1CCC(=O)N1C=2C=CC(=CN2)S(=O)(=O)NCC3CCOC3
2025-10-26 20:46:40,335 - INFO - Generated 5 conformers for SMILES: O=C1CCC(=O)N1C=2C=CC(=CN2)S(=O)(=O)NCC3CCOC3
2025-10-26 20:46:40,340 - INFO - Processing molecule 66/101: C[C@@H](NC1=NC=2C=CC=CC2N3N=NN=C13)C=4C=NC=CN4
2025-10-26 20:46:40,490 - INFO - Generated 5 conformers for SMILES: C[C@@H](NC1=NC=2C=CC=CC2N3N=NN=C13)C=4C=NC=CN4
2025-10-26 20:46:40,496 - INFO - Processing molecule 67/101: CCCNC(=O)C1CCN(CC1)C(=O)C=2C=CC=C(Cl)C2
2025-10-26 20:46:40,743 - INFO - Generated 5 conformers for SMILES: CCCNC(=O)C1CCN(CC1)C(=O)C=2C=CC=C(Cl)C2
2025-10-26 20:46:40,748 - INFO - Processing molecule 68/101: CCN(C1CCCCC1)S(=O)(=O)CCNC(=O)NC=2C=CN(N2)C=3C=CC=C(F)C3C#N
2025-10-26 20:46:41,381 - INFO - Generated 5 conformers for SMILES: CCN(C1CCCCC1)S(=O)(=O)CCNC(=O)NC=2C=CN(N2)C=3C=CC=C(F)C3C#N
2025-10-26 20:46:41,387 - INFO - Processing molecule 69/101: CC(=O)NC=1C=CC(=CC1)CNC(=O)C2CCN(CC2)C3=CN=CC=N3
2025-10-26 20:46:41,777 - INFO - Generated 5 conformers for SMILES: CC(=O)NC=1C=CC(=CC1)CNC(=O)C2CCN(CC2)C3=CN=CC=N3
2025-10-26 20:46:41,783 - INFO - Processing molecule 70/101: CN1CCC2(CCN(CC2)C(=O)C3=CC=C4C=CC=NN34)C1=O
2025-10-26 20:46:42,027 - INFO - Generated 5 conformers for SMILES: CN1CCC2(CCN(CC2)C(=O)C3=CC=C4C=CC=NN34)C1=O
2025-10-26 20:46:42,033 - INFO - Processing molecule 71/101: CC(=O)OCC(=O)N1CCN2N=CC(=C2C1)S(C)(=O)=NC(=O)C3CC3(C)C
2025-10-26 20:46:42,488 - INFO - Generated 5 conformers for SMILES: CC(=O)OCC(=O)N1CCN2N=CC(=C2C1)S(C)(=O)=NC(=O)C3CC3(C)C
2025-10-26 20:46:42,493 - INFO - Processing molecule 72/101: CC=1C=CC=CC1C(=O)NC2=NC(=CS2)C=3C=CC=CC3OC(F)F
2025-10-26 20:46:42,725 - INFO - Generated 5 conformers for SMILES: CC=1C=CC=CC1C(=O)NC2=NC(=CS2)C=3C=CC=CC3OC(F)F
2025-10-26 20:46:42,731 - INFO - Processing molecule 73/101: COC=1C=CC(=CC1)[C@H](NC(=O)C=2C=CC=CC2SCC(=O)N3CCCC3)C(F)F
2025-10-26 20:46:43,188 - INFO - Generated 5 conformers for SMILES: COC=1C=CC(=CC1)[C@H](NC(=O)C=2C=CC=CC2SCC(=O)N3CCCC3)C(F)F
2025-10-26 20:46:43,194 - INFO - Processing molecule 74/101: CN1N=C(C=C1C(=O)N2CCC(C#N)(C2)C(N)=O)C=3C=CC(F)=CC3
2025-10-26 20:46:43,424 - INFO - Generated 5 conformers for SMILES: CN1N=C(C=C1C(=O)N2CCC(C#N)(C2)C(N)=O)C=3C=CC(F)=CC3
2025-10-26 20:46:43,431 - INFO - Processing molecule 75/101: CC1CC(=NO1)C2CN(C2)C(=O)NC=3C=C(C=4C=CC(F)=CC4)N(C)N3
2025-10-26 20:46:43,811 - INFO - Generated 5 conformers for SMILES: CC1CC(=NO1)C2CN(C2)C(=O)NC=3C=C(C=4C=CC(F)=CC4)N(C)N3
2025-10-26 20:46:43,816 - INFO - Processing molecule 76/101: O=C1NC(CN2CCC(CC2)C3=NC=4C=CC=CC4N3)=NC=5C6=CC=CC=C6OC15
2025-10-26 20:46:44,304 - INFO - Generated 5 conformers for SMILES: O=C1NC(CN2CCC(CC2)C3=NC=4C=CC=CC4N3)=NC=5C6=CC=CC=C6OC15
2025-10-26 20:46:44,309 - INFO - Processing molecule 77/101: CCC(C)(O)CC1=CN(CC2=CC(=NC=C2F)C(F)(F)F)N=N1
2025-10-26 20:46:44,514 - INFO - Generated 5 conformers for SMILES: CCC(C)(O)CC1=CN(CC2=CC(=NC=C2F)C(F)(F)F)N=N1
2025-10-26 20:46:44,519 - INFO - Processing molecule 78/101: O=C(NC(C=1C=CC=NC1)C2CC2)C=3C=C(NN3)C=4C=CC=CC4
2025-10-26 20:46:44,836 - INFO - Generated 5 conformers for SMILES: O=C(NC(C=1C=CC=NC1)C2CC2)C=3C=C(NN3)C=4C=CC=CC4
2025-10-26 20:46:44,841 - INFO - Processing molecule 79/101: CCN(CC1=CN(CC2=NC=CS2)N=N1)C=3C=CC=C(C3)CO
2025-10-26 20:46:45,098 - INFO - Generated 5 conformers for SMILES: CCN(CC1=CN(CC2=NC=CS2)N=N1)C=3C=CC=C(C3)CO
2025-10-26 20:46:45,104 - INFO - Processing molecule 80/101: CC(C(=O)NC1(CC=2C=CC=CC2)CCC1)N3C=CC(=N3)C(F)(F)F
2025-10-26 20:46:45,426 - INFO - Generated 5 conformers for SMILES: CC(C(=O)NC1(CC=2C=CC=CC2)CCC1)N3C=CC(=N3)C(F)(F)F
2025-10-26 20:46:45,433 - INFO - Processing molecule 81/101: CN1CCC=2C=CC(=CC2C1=O)NC(=O)CN3CCCNC3=O
2025-10-26 20:46:45,735 - INFO - Generated 5 conformers for SMILES: CN1CCC=2C=CC(=CC2C1=O)NC(=O)CN3CCCNC3=O
2025-10-26 20:46:45,740 - INFO - Processing molecule 82/101: O=C(NC=1C=CC=C(C1)C(=O)NC=2C=CC(Cl)=CN2)NC(CO)C=3C=CC(F)=C(Cl)C3
2025-10-26 20:46:46,208 - INFO - Generated 5 conformers for SMILES: O=C(NC=1C=CC=C(C1)C(=O)NC=2C=CC(Cl)=CN2)NC(CO)C=3C=CC(F)=C(Cl)C3
2025-10-26 20:46:46,213 - INFO - Processing molecule 83/101: CC=1C=CC(=CC1)SCC(=O)N2CCC3(CC2)CC(O)CCO3
2025-10-26 20:46:46,574 - INFO - Generated 5 conformers for SMILES: CC=1C=CC(=CC1)SCC(=O)N2CCC3(CC2)CC(O)CCO3
2025-10-26 20:46:46,579 - INFO - Processing molecule 84/101: CC1CN(CCN(C1)C2CCC2)C(=O)C3=CC=4OC(Br)=CC4N3
2025-10-26 20:46:46,873 - INFO - Generated 5 conformers for SMILES: CC1CN(CCN(C1)C2CCC2)C(=O)C3=CC=4OC(Br)=CC4N3
2025-10-26 20:46:46,878 - INFO - Processing molecule 85/101: CN(C)C(=O)C(NC(=O)CC1=CSC(=N1)N2CCCNC2=O)C=3C=CC=CC3
2025-10-26 20:46:47,314 - INFO - Generated 5 conformers for SMILES: CN(C)C(=O)C(NC(=O)CC1=CSC(=N1)N2CCCNC2=O)C=3C=CC=CC3
2025-10-26 20:46:47,319 - INFO - Processing molecule 86/101: CCCN1N=C(NCC2=NC(CC3CC3)=NO2)C=4C=CC=CC41
2025-10-26 20:46:47,630 - INFO - Generated 5 conformers for SMILES: CCCN1N=C(NCC2=NC(CC3CC3)=NO2)C=4C=CC=CC41
2025-10-26 20:46:47,635 - INFO - Processing molecule 87/101: O=C(NC1CCOCC1)C=2C=NC=C(C2)C3=CC=C4OCCC4=C3
2025-10-26 20:46:47,949 - INFO - Generated 5 conformers for SMILES: O=C(NC1CCOCC1)C=2C=NC=C(C2)C3=CC=C4OCCC4=C3
2025-10-26 20:46:47,954 - INFO - Processing molecule 88/101: C=1C=CC=2N=C(C=CC2C1)C3=NN=C(NC4CCOC=5C=CC=CC54)O3
2025-10-26 20:46:48,250 - INFO - Generated 5 conformers for SMILES: C=1C=CC=2N=C(C=CC2C1)C3=NN=C(NC4CCOC=5C=CC=CC54)O3
2025-10-26 20:46:48,256 - INFO - Processing molecule 89/101: CC=1C=CC(=CC1)CC(C)(C)NC(=O)C=2C=C(ON2)C=3C=CN(C)N3
2025-10-26 20:46:48,664 - INFO - Generated 5 conformers for SMILES: CC=1C=CC(=CC1)CC(C)(C)NC(=O)C=2C=C(ON2)C=3C=CN(C)N3
2025-10-26 20:46:48,670 - INFO - Processing molecule 90/101: O=C(CC1CC2CCC(C1)N2)NC=3C=CC(OCC4=CC=CN=C4)=C(Cl)C3
2025-10-26 20:46:49,157 - INFO - Generated 5 conformers for SMILES: O=C(CC1CC2CCC(C1)N2)NC=3C=CC(OCC4=CC=CN=C4)=C(Cl)C3
2025-10-26 20:46:49,163 - INFO - Processing molecule 91/101: CN(C)CC(C=1C=CC=CC1)N(C)S(=O)(=O)C2=CSC=3C=CC=CC23
2025-10-26 20:46:49,562 - INFO - Generated 5 conformers for SMILES: CN(C)CC(C=1C=CC=CC1)N(C)S(=O)(=O)C2=CSC=3C=CC=CC23
2025-10-26 20:46:49,568 - INFO - Processing molecule 92/101: O=C(NCCC1=CSC(=N1)C=2C=CC=CC2)C3=CC=C(F)C(F)=C3
2025-10-26 20:46:49,811 - INFO - Generated 5 conformers for SMILES: O=C(NCCC1=CSC(=N1)C=2C=CC=CC2)C3=CC=C(F)C(F)=C3
2025-10-26 20:46:49,816 - INFO - Processing molecule 93/101: O=C(N1CC(CF)C1)C2(O)CC(=O)NC=3C=CC(Br)=CC32
2025-10-26 20:46:49,987 - INFO - Generated 5 conformers for SMILES: O=C(N1CC(CF)C1)C2(O)CC(=O)NC=3C=CC(Br)=CC32
2025-10-26 20:46:49,992 - INFO - Processing molecule 94/101: CN1CC[C@@H]2[C@H]1CCCN2C(=O)C3CCN(C3)C4=CC=C(C=C4F)C=5N=NNN5 |&1:4,5,r|
2025-10-26 20:46:50,606 - INFO - Generated 5 conformers for SMILES: CN1CC[C@@H]2[C@H]1CCCN2C(=O)C3CCN(C3)C4=CC=C(C=C4F)C=5N=NNN5 |&1:4,5,r|
2025-10-26 20:46:50,614 - INFO - Processing molecule 95/101: CN1CCCC(C1)N2CCN(CC2)C(=O)CC3=CSC(=N3)C4=CC=CS4
2025-10-26 20:46:51,034 - INFO - Generated 5 conformers for SMILES: CN1CCCC(C1)N2CCN(CC2)C(=O)CC3=CSC(=N3)C4=CC=CS4
2025-10-26 20:46:51,040 - INFO - Processing molecule 96/101: N#CC=1C=CSC1S(=O)(=O)NC=2C=CC=C3CC(=O)NC23
2025-10-26 20:46:51,161 - INFO - Generated 5 conformers for SMILES: N#CC=1C=CSC1S(=O)(=O)NC=2C=CC=C3CC(=O)NC23
2025-10-26 20:46:51,165 - INFO - Processing molecule 97/101: CC1(CC(=O)NCC=2C=CC(=CC2)N3C=NC=N3)OCCO1
2025-10-26 20:46:51,419 - INFO - Generated 5 conformers for SMILES: CC1(CC(=O)NCC=2C=CC(=CC2)N3C=NC=N3)OCCO1
2025-10-26 20:46:51,425 - INFO - Processing molecule 98/101: O=C1C=CC(=CN1CC2=NC=NN2C=3C=CC=CC3)C4=NN=CO4
2025-10-26 20:46:51,608 - INFO - Generated 5 conformers for SMILES: O=C1C=CC(=CN1CC2=NC=NN2C=3C=CC=CC3)C4=NN=CO4
2025-10-26 20:46:51,613 - INFO - Processing molecule 99/101: CC1OCCC1(C)NC(=O)C2CCN(CC2)C=3C=CC(C#N)=CC3F
2025-10-26 20:46:52,036 - INFO - Generated 5 conformers for SMILES: CC1OCCC1(C)NC(=O)C2CCN(CC2)C=3C=CC(C#N)=CC3F
2025-10-26 20:46:52,042 - INFO - Processing molecule 100/101: CC1=CC(=NN1C(C)(C)C)C(=O)N(C)C=2C=CC=C(C)C2C
2025-10-26 20:46:52,361 - INFO - Generated 5 conformers for SMILES: CC1=CC(=NN1C(C)(C)C)C(=O)N(C)C=2C=CC=C(C)C2C
2025-10-26 20:46:52,366 - INFO - Processing molecule 101/101: CC1(C)NC(=O)CC1C(=O)N2CCCC2(C)C=3C=CC=CC3
2025-10-26 20:46:52,722 - INFO - Generated 5 conformers for SMILES: CC1(C)NC(=O)CC1C(=O)N2CCCC2(C)C=3C=CC=CC3
2025-10-26 20:46:52,736 - INFO - Results saved to pipeline_output/docking/autodock-vina/conformers.csv
2025-10-26 20:46:52,737 - INFO - Conformer generation completed
